[debug] [2021-07-21T02:41:42.330Z] ----------------------------------------------------------------------
[debug] [2021-07-21T02:41:42.331Z] Command:       C:\Program Files\nodejs\node.exe C:\Users\Ryzen PC\AppData\Roaming\npm\node_modules\firebase-tools\lib\bin\firebase.js deploy --project=prod
[debug] [2021-07-21T02:41:42.332Z] CLI Version:   9.16.0
[debug] [2021-07-21T02:41:42.332Z] Platform:      win32
[debug] [2021-07-21T02:41:42.332Z] Node Version:  v12.17.0
[debug] [2021-07-21T02:41:42.332Z] Time:          Tue Jul 20 2021 21:41:42 GMT-0500 (Central Daylight Time)
[debug] [2021-07-21T02:41:42.332Z] ----------------------------------------------------------------------
[debug] 
[debug] [2021-07-21T02:41:42.374Z] > command requires scopes: ["email","openid","https://www.googleapis.com/auth/cloudplatformprojects.readonly","https://www.googleapis.com/auth/firebase","https://www.googleapis.com/auth/cloud-platform"]
[debug] [2021-07-21T02:41:42.375Z] > authorizing via signed-in user (saheeelpatel@gmail.com)
[debug] [2021-07-21T02:41:42.375Z] [iam] checking project prod for permissions ["firebase.projects.get","firebasehosting.sites.update"]
[debug] [2021-07-21T02:41:42.376Z] >>> HTTP REQUEST POST https://cloudresourcemanager.googleapis.com/v1/projects/prod:testIamPermissions  
 {"permissions":["firebase.projects.get","firebasehosting.sites.update"]}
[debug] [2021-07-21T02:41:42.719Z] <<< HTTP RESPONSE 200 {"content-type":"application/json; charset=UTF-8","vary":"X-Origin, Referer, Origin,Accept-Encoding","date":"Wed, 21 Jul 2021 02:41:45 GMT","server":"ESF","cache-control":"private","x-xss-protection":"0","x-frame-options":"SAMEORIGIN","x-content-type-options":"nosniff","server-timing":"gfet4t7; dur=174","alt-svc":"h3=\":443\"; ma=2592000,h3-29=\":443\"; ma=2592000,h3-T051=\":443\"; ma=2592000,h3-Q050=\":443\"; ma=2592000,h3-Q046=\":443\"; ma=2592000,h3-Q043=\":443\"; ma=2592000,quic=\":443\"; ma=2592000; v=\"46,43\"","accept-ranges":"none","transfer-encoding":"chunked"}
[debug] [2021-07-21T02:41:42.720Z] [iam] error while checking permissions, command may fail: FirebaseError: Authorization failed. This account is missing the following required permissions on project prod:

  firebase.projects.get
  firebasehosting.sites.update
[debug] [2021-07-21T02:41:42.721Z] > refreshing access token with scopes: []
[debug] [2021-07-21T02:41:42.721Z] >>> HTTP REQUEST POST https://www.googleapis.com/oauth2/v3/token  
 <request body omitted>
[debug] [2021-07-21T02:41:42.888Z] <<< HTTP RESPONSE 200 {"cache-control":"no-cache, no-store, max-age=0, must-revalidate","date":"Wed, 21 Jul 2021 02:41:45 GMT","pragma":"no-cache","expires":"Mon, 01 Jan 1990 00:00:00 GMT","content-type":"application/json; charset=utf-8","vary":"X-Origin, Referer, Origin,Accept-Encoding","server":"scaffolding on HTTPServer2","x-xss-protection":"0","x-frame-options":"SAMEORIGIN","x-content-type-options":"nosniff","alt-svc":"h3=\":443\"; ma=2592000,h3-29=\":443\"; ma=2592000,h3-T051=\":443\"; ma=2592000,h3-Q050=\":443\"; ma=2592000,h3-Q046=\":443\"; ma=2592000,h3-Q043=\":443\"; ma=2592000,quic=\":443\"; ma=2592000; v=\"46,43\"","accept-ranges":"none","transfer-encoding":"chunked"}
[debug] [2021-07-21T02:41:42.894Z] >>> [apiv2][query] GET https://firebase.googleapis.com/v1beta1/projects/prod [none]
[debug] [2021-07-21T02:41:43.211Z] <<< [apiv2][status] GET https://firebase.googleapis.com/v1beta1/projects/prod 403
[debug] [2021-07-21T02:41:43.211Z] <<< [apiv2][body] GET https://firebase.googleapis.com/v1beta1/projects/prod {"error":{"code":403,"message":"The caller does not have permission","status":"PERMISSION_DENIED"}}
[debug] [2021-07-21T02:41:43.211Z] HTTP Error: 403, The caller does not have permission
[debug] [2021-07-21T02:41:43.212Z] FirebaseError: HTTP Error: 403, The caller does not have permission
    at module.exports (C:\Users\Ryzen PC\AppData\Roaming\npm\node_modules\firebase-tools\lib\responseToError.js:38:12)
    at Client.doRequest (C:\Users\Ryzen PC\AppData\Roaming\npm\node_modules\firebase-tools\lib\apiv2.js:238:23)
    at processTicksAndRejections (internal/process/task_queues.js:97:5)
    at async Client.request (C:\Users\Ryzen PC\AppData\Roaming\npm\node_modules\firebase-tools\lib\apiv2.js:96:20)
    at async Object.getFirebaseProject (C:\Users\Ryzen PC\AppData\Roaming\npm\node_modules\firebase-tools\lib\management\projects.js:290:21)
    at async Object.getDefaultHostingSite (C:\Users\Ryzen PC\AppData\Roaming\npm\node_modules\firebase-tools\lib\getDefaultHostingSite.js:8:21)
    at async requireHostingSite (C:\Users\Ryzen PC\AppData\Roaming\npm\node_modules\firebase-tools\lib\requireHostingSite.js:9:18)
    at async Object.fn (C:\Users\Ryzen PC\AppData\Roaming\npm\node_modules\firebase-tools\lib\commands\deploy.js:65:9)
    at async C:\Users\Ryzen PC\AppData\Roaming\npm\node_modules\firebase-tools\lib\command.js:169:17
[error] 
[error] Error: Failed to get Firebase project prod. Please make sure the project exists and your account has permission to access it.
